<?xml version="1.0" encoding="UTF-8"?>
<testng-results ignored="0" total="11" passed="11" failed="0" skipped="0">
  <reporter-output>
  </reporter-output>
  <suite started-at="2023-02-25T17:50:01 PST" name="Default suite" finished-at="2023-02-25T17:50:01 PST" duration-ms="503">
    <groups>
      <group name="cucumber">
        <method signature="AbstractTestNGCucumberTests.runScenario(io.cucumber.testng.PickleWrapper,io.cucumber.testng.FeatureWrapper)[pri:0, instance:cucumberOptions.TestNGTestRunner@78e4deb0]" name="runScenario" class="io.cucumber.testng.AbstractTestNGCucumberTests"/>
      </group> <!-- cucumber -->
    </groups>
    <test started-at="2023-02-25T17:50:01 PST" name="Default test" finished-at="2023-02-25T17:50:01 PST" duration-ms="503">
      <class name="cucumberOptions.TestNGTestRunner">
        <test-method is-config="true" signature="setUpClass(org.testng.ITestContext)[pri:0, instance:cucumberOptions.TestNGTestRunner@78e4deb0]" started-at="2023-02-25T17:50:01 PST" name="setUpClass" finished-at="2023-02-25T17:50:01 PST" duration-ms="207" status="PASS">
          <params>
            <param index="0">
              <value>
                <![CDATA[org.testng.TestRunner@379ab47b]]>
              </value>
            </param>
          </params>
          <reporter-output>
          </reporter-output>
        </test-method> <!-- setUpClass -->
        <test-method signature="runScenario(io.cucumber.testng.PickleWrapper,io.cucumber.testng.FeatureWrapper)[pri:0, instance:cucumberOptions.TestNGTestRunner@78e4deb0]" started-at="2023-02-25T17:50:01 PST" name="runScenario" description="Runs Cucumber Scenarios" data-provider="scenarios" finished-at="2023-02-25T17:50:01 PST" duration-ms="128" status="PASS">
          <params>
            <param index="0">
              <value>
                <![CDATA["User clicks the Get Started Graph Page"]]>
              </value>
            </param>
            <param index="1">
              <value>
                <![CDATA["Graph Page Validation in the Numpy Ninja HomePage"]]>
              </value>
            </param>
          </params>
          <reporter-output>
          </reporter-output>
        </test-method> <!-- runScenario -->
        <test-method signature="runScenario(io.cucumber.testng.PickleWrapper,io.cucumber.testng.FeatureWrapper)[pri:0, instance:cucumberOptions.TestNGTestRunner@78e4deb0]" started-at="2023-02-25T17:50:01 PST" name="runScenario" description="Runs Cucumber Scenarios" data-provider="scenarios" finished-at="2023-02-25T17:50:01 PST" duration-ms="15" status="PASS">
          <params>
            <param index="0">
              <value>
                <![CDATA["Graph Representation page Validation"]]>
              </value>
            </param>
            <param index="1">
              <value>
                <![CDATA["Graph Page Validation in the Numpy Ninja HomePage"]]>
              </value>
            </param>
          </params>
          <reporter-output>
          </reporter-output>
        </test-method> <!-- runScenario -->
        <test-method signature="runScenario(io.cucumber.testng.PickleWrapper,io.cucumber.testng.FeatureWrapper)[pri:0, instance:cucumberOptions.TestNGTestRunner@78e4deb0]" started-at="2023-02-25T17:50:01 PST" name="runScenario" description="Runs Cucumber Scenarios" data-provider="scenarios" finished-at="2023-02-25T17:50:01 PST" duration-ms="15" status="PASS">
          <params>
            <param index="0">
              <value>
                <![CDATA["sign in dsalgo portal after entering into home page"]]>
              </value>
            </param>
            <param index="1">
              <value>
                <![CDATA["Validating Sign-in"]]>
              </value>
            </param>
          </params>
          <reporter-output>
          </reporter-output>
        </test-method> <!-- runScenario -->
        <test-method signature="runScenario(io.cucumber.testng.PickleWrapper,io.cucumber.testng.FeatureWrapper)[pri:0, instance:cucumberOptions.TestNGTestRunner@78e4deb0]" started-at="2023-02-25T17:50:01 PST" name="runScenario" description="Runs Cucumber Scenarios" data-provider="scenarios" finished-at="2023-02-25T17:50:01 PST" duration-ms="10" status="PASS">
          <params>
            <param index="0">
              <value>
                <![CDATA["sign in in dsalgo portal and entering to Tree"]]>
              </value>
            </param>
            <param index="1">
              <value>
                <![CDATA["Validating Tree operations"]]>
              </value>
            </param>
          </params>
          <reporter-output>
          </reporter-output>
        </test-method> <!-- runScenario -->
        <test-method signature="runScenario(io.cucumber.testng.PickleWrapper,io.cucumber.testng.FeatureWrapper)[pri:0, instance:cucumberOptions.TestNGTestRunner@78e4deb0]" started-at="2023-02-25T17:50:01 PST" name="runScenario" description="Runs Cucumber Scenarios" data-provider="scenarios" finished-at="2023-02-25T17:50:01 PST" duration-ms="9" status="PASS">
          <params>
            <param index="0">
              <value>
                <![CDATA["sign in in dsalgo portal and entering to Tree"]]>
              </value>
            </param>
            <param index="1">
              <value>
                <![CDATA["Validating Tree operations"]]>
              </value>
            </param>
          </params>
          <reporter-output>
          </reporter-output>
        </test-method> <!-- runScenario -->
        <test-method signature="runScenario(io.cucumber.testng.PickleWrapper,io.cucumber.testng.FeatureWrapper)[pri:0, instance:cucumberOptions.TestNGTestRunner@78e4deb0]" started-at="2023-02-25T17:50:01 PST" name="runScenario" description="Runs Cucumber Scenarios" data-provider="scenarios" finished-at="2023-02-25T17:50:01 PST" duration-ms="11" status="PASS">
          <params>
            <param index="0">
              <value>
                <![CDATA["sign in in dsalgo portal and entering to Tree"]]>
              </value>
            </param>
            <param index="1">
              <value>
                <![CDATA["Validating Tree operations"]]>
              </value>
            </param>
          </params>
          <reporter-output>
          </reporter-output>
        </test-method> <!-- runScenario -->
        <test-method signature="runScenario(io.cucumber.testng.PickleWrapper,io.cucumber.testng.FeatureWrapper)[pri:0, instance:cucumberOptions.TestNGTestRunner@78e4deb0]" started-at="2023-02-25T17:50:01 PST" name="runScenario" description="Runs Cucumber Scenarios" data-provider="scenarios" finished-at="2023-02-25T17:50:01 PST" duration-ms="9" status="PASS">
          <params>
            <param index="0">
              <value>
                <![CDATA["sign in in dsalgo portal and entering to Tree"]]>
              </value>
            </param>
            <param index="1">
              <value>
                <![CDATA["Validating Tree operations"]]>
              </value>
            </param>
          </params>
          <reporter-output>
          </reporter-output>
        </test-method> <!-- runScenario -->
        <test-method signature="runScenario(io.cucumber.testng.PickleWrapper,io.cucumber.testng.FeatureWrapper)[pri:0, instance:cucumberOptions.TestNGTestRunner@78e4deb0]" started-at="2023-02-25T17:50:01 PST" name="runScenario" description="Runs Cucumber Scenarios" data-provider="scenarios" finished-at="2023-02-25T17:50:01 PST" duration-ms="9" status="PASS">
          <params>
            <param index="0">
              <value>
                <![CDATA["sign in in dsalgo portal and entering to Tree"]]>
              </value>
            </param>
            <param index="1">
              <value>
                <![CDATA["Validating Tree operations"]]>
              </value>
            </param>
          </params>
          <reporter-output>
          </reporter-output>
        </test-method> <!-- runScenario -->
        <test-method signature="runScenario(io.cucumber.testng.PickleWrapper,io.cucumber.testng.FeatureWrapper)[pri:0, instance:cucumberOptions.TestNGTestRunner@78e4deb0]" started-at="2023-02-25T17:50:01 PST" name="runScenario" description="Runs Cucumber Scenarios" data-provider="scenarios" finished-at="2023-02-25T17:50:01 PST" duration-ms="15" status="PASS">
          <params>
            <param index="0">
              <value>
                <![CDATA["sign in in dsalgo portal and entering to Tree"]]>
              </value>
            </param>
            <param index="1">
              <value>
                <![CDATA["Validating Tree operations"]]>
              </value>
            </param>
          </params>
          <reporter-output>
          </reporter-output>
        </test-method> <!-- runScenario -->
        <test-method signature="runScenario(io.cucumber.testng.PickleWrapper,io.cucumber.testng.FeatureWrapper)[pri:0, instance:cucumberOptions.TestNGTestRunner@78e4deb0]" started-at="2023-02-25T17:50:01 PST" name="runScenario" description="Runs Cucumber Scenarios" data-provider="scenarios" finished-at="2023-02-25T17:50:01 PST" duration-ms="8" status="PASS">
          <params>
            <param index="0">
              <value>
                <![CDATA["Register Page Functionality"]]>
              </value>
            </param>
            <param index="1">
              <value>
                <![CDATA["Register Page Validation"]]>
              </value>
            </param>
          </params>
          <reporter-output>
          </reporter-output>
        </test-method> <!-- runScenario -->
        <test-method signature="runScenario(io.cucumber.testng.PickleWrapper,io.cucumber.testng.FeatureWrapper)[pri:0, instance:cucumberOptions.TestNGTestRunner@78e4deb0]" started-at="2023-02-25T17:50:01 PST" name="runScenario" description="Runs Cucumber Scenarios" data-provider="scenarios" finished-at="2023-02-25T17:50:01 PST" duration-ms="6" status="PASS">
          <params>
            <param index="0">
              <value>
                <![CDATA["Register Page Functionality"]]>
              </value>
            </param>
            <param index="1">
              <value>
                <![CDATA["Register Page Validation"]]>
              </value>
            </param>
          </params>
          <reporter-output>
          </reporter-output>
        </test-method> <!-- runScenario -->
        <test-method is-config="true" signature="tearDownClass()[pri:0, instance:cucumberOptions.TestNGTestRunner@78e4deb0]" started-at="2023-02-25T17:50:01 PST" name="tearDownClass" finished-at="2023-02-25T17:50:01 PST" duration-ms="6" status="PASS">
          <reporter-output>
          </reporter-output>
        </test-method> <!-- tearDownClass -->
      </class> <!-- cucumberOptions.TestNGTestRunner -->
    </test> <!-- Default test -->
  </suite> <!-- Default suite -->
</testng-results>
